{"/Users/craig/Documents/Workspace/yodlee/index.js":{"path":"/Users/craig/Documents/Workspace/yodlee/index.js","s":{"1":1,"2":1,"3":2,"4":1,"5":1,"6":5,"7":3,"8":2,"9":2,"10":1,"11":3,"12":3,"13":3,"14":2,"15":1,"16":3,"17":1,"18":6,"19":6,"20":3,"21":6,"22":5,"23":5,"24":4,"25":1,"26":1,"27":6,"28":1,"29":4,"30":4,"31":1,"32":4,"33":3,"34":3,"35":2,"36":1,"37":1,"38":4,"39":1,"40":4,"41":4,"42":4,"43":1,"44":4,"45":3,"46":3,"47":2,"48":1,"49":1,"50":4,"51":1},"b":{"1":[1,1],"2":[3,2],"3":[5,3],"4":[2,1],"5":[2,1],"6":[3,2],"7":[2,1],"8":[3,3],"9":[6,5],"10":[1,2],"11":[4,1],"12":[5,4],"13":[4,3],"14":[1,3],"15":[2,1],"16":[3,3],"17":[2,2],"18":[4,4],"19":[1,3],"20":[2,1],"21":[3,3],"22":[2,2]},"f":{"1":2,"2":5,"3":3,"4":3,"5":6,"6":5,"7":5,"8":1,"9":4,"10":3,"11":3,"12":1,"13":4,"14":3,"15":3,"16":1},"fnMap":{"1":{"name":"Yodlee","line":34,"loc":{"start":{"line":34,"column":0},"end":{"line":34,"column":18}}},"2":{"name":"use","line":45,"loc":{"start":{"line":45,"column":23},"end":{"line":45,"column":41}}},"3":{"name":"getAppToken","line":60,"loc":{"start":{"line":60,"column":31},"end":{"line":60,"column":54}}},"4":{"name":"(anonymous_4)","line":70,"loc":{"start":{"line":70,"column":7},"end":{"line":70,"column":37}}},"5":{"name":"getAccessToken","line":87,"loc":{"start":{"line":87,"column":34},"end":{"line":87,"column":63}}},"6":{"name":"(anonymous_6)","line":95,"loc":{"start":{"line":95,"column":28},"end":{"line":95,"column":54}}},"7":{"name":"(anonymous_7)","line":106,"loc":{"start":{"line":106,"column":12},"end":{"line":106,"column":42}}},"8":{"name":"(anonymous_8)","line":114,"loc":{"start":{"line":114,"column":15},"end":{"line":114,"column":27}}},"9":{"name":"getAccounts","line":126,"loc":{"start":{"line":126,"column":31},"end":{"line":126,"column":65}}},"10":{"name":"(anonymous_10)","line":134,"loc":{"start":{"line":134,"column":28},"end":{"line":134,"column":54}}},"11":{"name":"(anonymous_11)","line":144,"loc":{"start":{"line":144,"column":16},"end":{"line":144,"column":46}}},"12":{"name":"(anonymous_12)","line":153,"loc":{"start":{"line":153,"column":15},"end":{"line":153,"column":27}}},"13":{"name":"getTransactions","line":168,"loc":{"start":{"line":168,"column":35},"end":{"line":168,"column":78}}},"14":{"name":"(anonymous_14)","line":178,"loc":{"start":{"line":178,"column":28},"end":{"line":178,"column":54}}},"15":{"name":"(anonymous_15)","line":195,"loc":{"start":{"line":195,"column":16},"end":{"line":195,"column":46}}},"16":{"name":"(anonymous_16)","line":203,"loc":{"start":{"line":203,"column":15},"end":{"line":203,"column":27}}}},"statementMap":{"1":{"start":{"line":24,"column":0},"end":{"line":25,"column":33}},"2":{"start":{"line":34,"column":0},"end":{"line":38,"column":1}},"3":{"start":{"line":35,"column":4},"end":{"line":37,"column":5}},"4":{"start":{"line":36,"column":8},"end":{"line":36,"column":28}},"5":{"start":{"line":45,"column":0},"end":{"line":54,"column":2}},"6":{"start":{"line":47,"column":4},"end":{"line":49,"column":5}},"7":{"start":{"line":48,"column":8},"end":{"line":48,"column":109}},"8":{"start":{"line":51,"column":4},"end":{"line":51,"column":33}},"9":{"start":{"line":52,"column":4},"end":{"line":52,"column":33}},"10":{"start":{"line":60,"column":0},"end":{"line":81,"column":2}},"11":{"start":{"line":62,"column":4},"end":{"line":62,"column":29}},"12":{"start":{"line":64,"column":4},"end":{"line":76,"column":7}},"13":{"start":{"line":71,"column":8},"end":{"line":75,"column":9}},"14":{"start":{"line":72,"column":12},"end":{"line":72,"column":74}},"15":{"start":{"line":74,"column":12},"end":{"line":74,"column":91}},"16":{"start":{"line":79,"column":4},"end":{"line":79,"column":28}},"17":{"start":{"line":87,"column":0},"end":{"line":120,"column":2}},"18":{"start":{"line":89,"column":4},"end":{"line":89,"column":29}},"19":{"start":{"line":91,"column":4},"end":{"line":93,"column":5}},"20":{"start":{"line":92,"column":8},"end":{"line":92,"column":106}},"21":{"start":{"line":95,"column":4},"end":{"line":116,"column":11}},"22":{"start":{"line":97,"column":8},"end":{"line":112,"column":15}},"23":{"start":{"line":107,"column":16},"end":{"line":111,"column":17}},"24":{"start":{"line":108,"column":20},"end":{"line":108,"column":82}},"25":{"start":{"line":110,"column":20},"end":{"line":110,"column":104}},"26":{"start":{"line":115,"column":12},"end":{"line":115,"column":31}},"27":{"start":{"line":118,"column":4},"end":{"line":118,"column":28}},"28":{"start":{"line":126,"column":0},"end":{"line":159,"column":2}},"29":{"start":{"line":128,"column":4},"end":{"line":128,"column":29}},"30":{"start":{"line":130,"column":4},"end":{"line":132,"column":5}},"31":{"start":{"line":131,"column":8},"end":{"line":131,"column":69}},"32":{"start":{"line":134,"column":4},"end":{"line":155,"column":11}},"33":{"start":{"line":136,"column":8},"end":{"line":151,"column":19}},"34":{"start":{"line":146,"column":20},"end":{"line":150,"column":21}},"35":{"start":{"line":147,"column":24},"end":{"line":147,"column":86}},"36":{"start":{"line":149,"column":24},"end":{"line":149,"column":47}},"37":{"start":{"line":154,"column":12},"end":{"line":154,"column":31}},"38":{"start":{"line":157,"column":4},"end":{"line":157,"column":28}},"39":{"start":{"line":168,"column":0},"end":{"line":209,"column":2}},"40":{"start":{"line":170,"column":4},"end":{"line":170,"column":29}},"41":{"start":{"line":172,"column":4},"end":{"line":172,"column":20}},"42":{"start":{"line":174,"column":4},"end":{"line":176,"column":5}},"43":{"start":{"line":175,"column":8},"end":{"line":175,"column":56}},"44":{"start":{"line":178,"column":4},"end":{"line":205,"column":11}},"45":{"start":{"line":180,"column":8},"end":{"line":201,"column":19}},"46":{"start":{"line":196,"column":20},"end":{"line":200,"column":21}},"47":{"start":{"line":197,"column":24},"end":{"line":197,"column":86}},"48":{"start":{"line":199,"column":24},"end":{"line":199,"column":47}},"49":{"start":{"line":204,"column":12},"end":{"line":204,"column":31}},"50":{"start":{"line":207,"column":4},"end":{"line":207,"column":28}},"51":{"start":{"line":212,"column":0},"end":{"line":212,"column":26}}},"branchMap":{"1":{"line":35,"type":"if","locations":[{"start":{"line":35,"column":4},"end":{"line":35,"column":4}},{"start":{"line":35,"column":4},"end":{"line":35,"column":4}}]},"2":{"line":47,"type":"if","locations":[{"start":{"line":47,"column":4},"end":{"line":47,"column":4}},{"start":{"line":47,"column":4},"end":{"line":47,"column":4}}]},"3":{"line":47,"type":"binary-expr","locations":[{"start":{"line":47,"column":8},"end":{"line":47,"column":21}},{"start":{"line":47,"column":25},"end":{"line":47,"column":38}}]},"4":{"line":48,"type":"cond-expr","locations":[{"start":{"line":48,"column":83},"end":{"line":48,"column":93}},{"start":{"line":48,"column":96},"end":{"line":48,"column":106}}]},"5":{"line":71,"type":"if","locations":[{"start":{"line":71,"column":8},"end":{"line":71,"column":8}},{"start":{"line":71,"column":8},"end":{"line":71,"column":8}}]},"6":{"line":71,"type":"binary-expr","locations":[{"start":{"line":71,"column":12},"end":{"line":71,"column":15}},{"start":{"line":71,"column":19},"end":{"line":71,"column":41}}]},"7":{"line":72,"type":"binary-expr","locations":[{"start":{"line":72,"column":28},"end":{"line":72,"column":31}},{"start":{"line":72,"column":35},"end":{"line":72,"column":72}}]},"8":{"line":91,"type":"if","locations":[{"start":{"line":91,"column":4},"end":{"line":91,"column":4}},{"start":{"line":91,"column":4},"end":{"line":91,"column":4}}]},"9":{"line":91,"type":"binary-expr","locations":[{"start":{"line":91,"column":8},"end":{"line":91,"column":21}},{"start":{"line":91,"column":25},"end":{"line":91,"column":38}}]},"10":{"line":92,"type":"cond-expr","locations":[{"start":{"line":92,"column":80},"end":{"line":92,"column":90}},{"start":{"line":92,"column":93},"end":{"line":92,"column":103}}]},"11":{"line":107,"type":"if","locations":[{"start":{"line":107,"column":16},"end":{"line":107,"column":16}},{"start":{"line":107,"column":16},"end":{"line":107,"column":16}}]},"12":{"line":107,"type":"binary-expr","locations":[{"start":{"line":107,"column":20},"end":{"line":107,"column":23}},{"start":{"line":107,"column":27},"end":{"line":107,"column":49}}]},"13":{"line":108,"type":"binary-expr","locations":[{"start":{"line":108,"column":36},"end":{"line":108,"column":39}},{"start":{"line":108,"column":43},"end":{"line":108,"column":80}}]},"14":{"line":130,"type":"if","locations":[{"start":{"line":130,"column":4},"end":{"line":130,"column":4}},{"start":{"line":130,"column":4},"end":{"line":130,"column":4}}]},"15":{"line":146,"type":"if","locations":[{"start":{"line":146,"column":20},"end":{"line":146,"column":20}},{"start":{"line":146,"column":20},"end":{"line":146,"column":20}}]},"16":{"line":146,"type":"binary-expr","locations":[{"start":{"line":146,"column":24},"end":{"line":146,"column":27}},{"start":{"line":146,"column":31},"end":{"line":146,"column":53}}]},"17":{"line":147,"type":"binary-expr","locations":[{"start":{"line":147,"column":40},"end":{"line":147,"column":43}},{"start":{"line":147,"column":47},"end":{"line":147,"column":84}}]},"18":{"line":172,"type":"binary-expr","locations":[{"start":{"line":172,"column":10},"end":{"line":172,"column":13}},{"start":{"line":172,"column":17},"end":{"line":172,"column":19}}]},"19":{"line":174,"type":"if","locations":[{"start":{"line":174,"column":4},"end":{"line":174,"column":4}},{"start":{"line":174,"column":4},"end":{"line":174,"column":4}}]},"20":{"line":196,"type":"if","locations":[{"start":{"line":196,"column":20},"end":{"line":196,"column":20}},{"start":{"line":196,"column":20},"end":{"line":196,"column":20}}]},"21":{"line":196,"type":"binary-expr","locations":[{"start":{"line":196,"column":24},"end":{"line":196,"column":27}},{"start":{"line":196,"column":31},"end":{"line":196,"column":53}}]},"22":{"line":197,"type":"binary-expr","locations":[{"start":{"line":197,"column":40},"end":{"line":197,"column":43}},{"start":{"line":197,"column":47},"end":{"line":197,"column":84}}]}}}}