{"/Users/craig/Documents/Workspace/yodlee/index.js":{"path":"/Users/craig/Documents/Workspace/yodlee/index.js","s":{"1":1,"2":1,"3":2,"4":1,"5":1,"6":1,"7":1,"8":1,"9":1,"10":1,"11":0,"12":1,"13":1,"14":1,"15":2,"16":2,"17":0,"18":2,"19":2,"20":1,"21":1,"22":2,"23":1,"24":0,"25":0,"26":0,"27":0,"28":0,"29":0,"30":0,"31":0,"32":0,"33":0,"34":1,"35":0,"36":0,"37":0,"38":0,"39":0,"40":0,"41":0,"42":0,"43":0,"44":0,"45":1,"46":0,"47":0,"48":0,"49":0,"50":0,"51":0,"52":0,"53":0,"54":0,"55":0,"56":0,"57":1},"b":{"1":[1,1],"2":[0,1],"3":[0,2],"4":[2,2],"5":[0,0],"6":[1,1],"7":[2,1],"8":[1,0],"9":[0,0],"10":[0,0],"11":[0,0],"12":[0,0],"13":[0,0],"14":[0,0],"15":[0,0],"16":[0,0],"17":[0,0],"18":[0,0],"19":[0,0],"20":[0,0],"21":[0,0],"22":[0,0],"23":[0,0]},"f":{"1":2,"2":1,"3":1,"4":2,"5":2,"6":0,"7":0,"8":0,"9":0,"10":0,"11":0,"12":0,"13":0,"14":0,"15":0,"16":0,"17":0},"fnMap":{"1":{"name":"Yodlee","line":35,"loc":{"start":{"line":35,"column":0},"end":{"line":35,"column":21}}},"2":{"name":"getAppToken","line":51,"loc":{"start":{"line":51,"column":26},"end":{"line":51,"column":49}}},"3":{"name":"(anonymous_3)","line":57,"loc":{"start":{"line":57,"column":7},"end":{"line":57,"column":37}}},"4":{"name":"getAppToken","line":72,"loc":{"start":{"line":72,"column":31},"end":{"line":72,"column":54}}},"5":{"name":"(anonymous_5)","line":86,"loc":{"start":{"line":86,"column":7},"end":{"line":86,"column":37}}},"6":{"name":"loginUser","line":103,"loc":{"start":{"line":103,"column":34},"end":{"line":103,"column":58}}},"7":{"name":"(anonymous_7)","line":111,"loc":{"start":{"line":111,"column":28},"end":{"line":111,"column":54}}},"8":{"name":"(anonymous_8)","line":122,"loc":{"start":{"line":122,"column":12},"end":{"line":122,"column":42}}},"9":{"name":"(anonymous_9)","line":130,"loc":{"start":{"line":130,"column":15},"end":{"line":130,"column":27}}},"10":{"name":"(anonymous_10)","line":142,"loc":{"start":{"line":142,"column":31},"end":{"line":142,"column":53}}},"11":{"name":"(anonymous_11)","line":150,"loc":{"start":{"line":150,"column":28},"end":{"line":150,"column":54}}},"12":{"name":"(anonymous_12)","line":160,"loc":{"start":{"line":160,"column":16},"end":{"line":160,"column":46}}},"13":{"name":"(anonymous_13)","line":168,"loc":{"start":{"line":168,"column":15},"end":{"line":168,"column":27}}},"14":{"name":"(anonymous_14)","line":183,"loc":{"start":{"line":183,"column":35},"end":{"line":183,"column":62}}},"15":{"name":"(anonymous_15)","line":193,"loc":{"start":{"line":193,"column":28},"end":{"line":193,"column":54}}},"16":{"name":"(anonymous_16)","line":210,"loc":{"start":{"line":210,"column":16},"end":{"line":210,"column":46}}},"17":{"name":"(anonymous_17)","line":218,"loc":{"start":{"line":218,"column":15},"end":{"line":218,"column":27}}}},"statementMap":{"1":{"start":{"line":24,"column":0},"end":{"line":25,"column":33}},"2":{"start":{"line":35,"column":0},"end":{"line":43,"column":1}},"3":{"start":{"line":37,"column":4},"end":{"line":39,"column":5}},"4":{"start":{"line":38,"column":8},"end":{"line":38,"column":31}},"5":{"start":{"line":41,"column":4},"end":{"line":41,"column":33}},"6":{"start":{"line":42,"column":4},"end":{"line":42,"column":33}},"7":{"start":{"line":51,"column":0},"end":{"line":67,"column":2}},"8":{"start":{"line":53,"column":4},"end":{"line":53,"column":29}},"9":{"start":{"line":55,"column":4},"end":{"line":63,"column":7}},"10":{"start":{"line":58,"column":8},"end":{"line":62,"column":9}},"11":{"start":{"line":59,"column":12},"end":{"line":59,"column":33}},"12":{"start":{"line":61,"column":12},"end":{"line":61,"column":35}},"13":{"start":{"line":65,"column":4},"end":{"line":65,"column":28}},"14":{"start":{"line":72,"column":0},"end":{"line":97,"column":2}},"15":{"start":{"line":74,"column":4},"end":{"line":74,"column":29}},"16":{"start":{"line":76,"column":4},"end":{"line":78,"column":5}},"17":{"start":{"line":77,"column":8},"end":{"line":77,"column":104}},"18":{"start":{"line":80,"column":4},"end":{"line":92,"column":7}},"19":{"start":{"line":87,"column":8},"end":{"line":91,"column":9}},"20":{"start":{"line":88,"column":12},"end":{"line":88,"column":74}},"21":{"start":{"line":90,"column":12},"end":{"line":90,"column":91}},"22":{"start":{"line":95,"column":4},"end":{"line":95,"column":28}},"23":{"start":{"line":103,"column":0},"end":{"line":136,"column":2}},"24":{"start":{"line":105,"column":4},"end":{"line":105,"column":29}},"25":{"start":{"line":107,"column":4},"end":{"line":109,"column":5}},"26":{"start":{"line":108,"column":8},"end":{"line":108,"column":100}},"27":{"start":{"line":111,"column":4},"end":{"line":132,"column":11}},"28":{"start":{"line":113,"column":8},"end":{"line":128,"column":15}},"29":{"start":{"line":123,"column":16},"end":{"line":127,"column":17}},"30":{"start":{"line":124,"column":20},"end":{"line":124,"column":82}},"31":{"start":{"line":126,"column":20},"end":{"line":126,"column":104}},"32":{"start":{"line":131,"column":12},"end":{"line":131,"column":31}},"33":{"start":{"line":134,"column":4},"end":{"line":134,"column":28}},"34":{"start":{"line":142,"column":0},"end":{"line":174,"column":2}},"35":{"start":{"line":144,"column":4},"end":{"line":144,"column":29}},"36":{"start":{"line":146,"column":4},"end":{"line":148,"column":5}},"37":{"start":{"line":147,"column":8},"end":{"line":147,"column":56}},"38":{"start":{"line":150,"column":4},"end":{"line":170,"column":11}},"39":{"start":{"line":152,"column":8},"end":{"line":166,"column":19}},"40":{"start":{"line":161,"column":20},"end":{"line":165,"column":21}},"41":{"start":{"line":162,"column":24},"end":{"line":162,"column":86}},"42":{"start":{"line":164,"column":24},"end":{"line":164,"column":47}},"43":{"start":{"line":169,"column":12},"end":{"line":169,"column":31}},"44":{"start":{"line":172,"column":4},"end":{"line":172,"column":28}},"45":{"start":{"line":183,"column":0},"end":{"line":224,"column":2}},"46":{"start":{"line":185,"column":4},"end":{"line":185,"column":29}},"47":{"start":{"line":187,"column":4},"end":{"line":187,"column":20}},"48":{"start":{"line":189,"column":4},"end":{"line":191,"column":5}},"49":{"start":{"line":190,"column":8},"end":{"line":190,"column":56}},"50":{"start":{"line":193,"column":4},"end":{"line":220,"column":11}},"51":{"start":{"line":195,"column":8},"end":{"line":216,"column":19}},"52":{"start":{"line":211,"column":20},"end":{"line":215,"column":21}},"53":{"start":{"line":212,"column":24},"end":{"line":212,"column":86}},"54":{"start":{"line":214,"column":24},"end":{"line":214,"column":47}},"55":{"start":{"line":219,"column":12},"end":{"line":219,"column":31}},"56":{"start":{"line":222,"column":4},"end":{"line":222,"column":28}},"57":{"start":{"line":227,"column":0},"end":{"line":227,"column":24}}},"branchMap":{"1":{"line":37,"type":"if","locations":[{"start":{"line":37,"column":4},"end":{"line":37,"column":4}},{"start":{"line":37,"column":4},"end":{"line":37,"column":4}}]},"2":{"line":58,"type":"if","locations":[{"start":{"line":58,"column":8},"end":{"line":58,"column":8}},{"start":{"line":58,"column":8},"end":{"line":58,"column":8}}]},"3":{"line":76,"type":"if","locations":[{"start":{"line":76,"column":4},"end":{"line":76,"column":4}},{"start":{"line":76,"column":4},"end":{"line":76,"column":4}}]},"4":{"line":76,"type":"binary-expr","locations":[{"start":{"line":76,"column":8},"end":{"line":76,"column":22}},{"start":{"line":76,"column":26},"end":{"line":76,"column":40}}]},"5":{"line":77,"type":"cond-expr","locations":[{"start":{"line":77,"column":79},"end":{"line":77,"column":89}},{"start":{"line":77,"column":92},"end":{"line":77,"column":102}}]},"6":{"line":87,"type":"if","locations":[{"start":{"line":87,"column":8},"end":{"line":87,"column":8}},{"start":{"line":87,"column":8},"end":{"line":87,"column":8}}]},"7":{"line":87,"type":"binary-expr","locations":[{"start":{"line":87,"column":12},"end":{"line":87,"column":15}},{"start":{"line":87,"column":19},"end":{"line":87,"column":41}}]},"8":{"line":88,"type":"binary-expr","locations":[{"start":{"line":88,"column":28},"end":{"line":88,"column":31}},{"start":{"line":88,"column":35},"end":{"line":88,"column":72}}]},"9":{"line":107,"type":"if","locations":[{"start":{"line":107,"column":4},"end":{"line":107,"column":4}},{"start":{"line":107,"column":4},"end":{"line":107,"column":4}}]},"10":{"line":107,"type":"binary-expr","locations":[{"start":{"line":107,"column":8},"end":{"line":107,"column":21}},{"start":{"line":107,"column":25},"end":{"line":107,"column":38}}]},"11":{"line":108,"type":"cond-expr","locations":[{"start":{"line":108,"column":75},"end":{"line":108,"column":85}},{"start":{"line":108,"column":88},"end":{"line":108,"column":98}}]},"12":{"line":123,"type":"if","locations":[{"start":{"line":123,"column":16},"end":{"line":123,"column":16}},{"start":{"line":123,"column":16},"end":{"line":123,"column":16}}]},"13":{"line":123,"type":"binary-expr","locations":[{"start":{"line":123,"column":20},"end":{"line":123,"column":23}},{"start":{"line":123,"column":27},"end":{"line":123,"column":49}}]},"14":{"line":124,"type":"binary-expr","locations":[{"start":{"line":124,"column":36},"end":{"line":124,"column":39}},{"start":{"line":124,"column":43},"end":{"line":124,"column":80}}]},"15":{"line":146,"type":"if","locations":[{"start":{"line":146,"column":4},"end":{"line":146,"column":4}},{"start":{"line":146,"column":4},"end":{"line":146,"column":4}}]},"16":{"line":161,"type":"if","locations":[{"start":{"line":161,"column":20},"end":{"line":161,"column":20}},{"start":{"line":161,"column":20},"end":{"line":161,"column":20}}]},"17":{"line":161,"type":"binary-expr","locations":[{"start":{"line":161,"column":24},"end":{"line":161,"column":27}},{"start":{"line":161,"column":31},"end":{"line":161,"column":53}}]},"18":{"line":162,"type":"binary-expr","locations":[{"start":{"line":162,"column":40},"end":{"line":162,"column":43}},{"start":{"line":162,"column":47},"end":{"line":162,"column":84}}]},"19":{"line":187,"type":"binary-expr","locations":[{"start":{"line":187,"column":10},"end":{"line":187,"column":13}},{"start":{"line":187,"column":17},"end":{"line":187,"column":19}}]},"20":{"line":189,"type":"if","locations":[{"start":{"line":189,"column":4},"end":{"line":189,"column":4}},{"start":{"line":189,"column":4},"end":{"line":189,"column":4}}]},"21":{"line":211,"type":"if","locations":[{"start":{"line":211,"column":20},"end":{"line":211,"column":20}},{"start":{"line":211,"column":20},"end":{"line":211,"column":20}}]},"22":{"line":211,"type":"binary-expr","locations":[{"start":{"line":211,"column":24},"end":{"line":211,"column":27}},{"start":{"line":211,"column":31},"end":{"line":211,"column":53}}]},"23":{"line":212,"type":"binary-expr","locations":[{"start":{"line":212,"column":40},"end":{"line":212,"column":43}},{"start":{"line":212,"column":47},"end":{"line":212,"column":84}}]}}}}