TN:
SF:/Users/craig/Documents/Workspace/yodlee/index.js
FN:34,Yodlee
FN:45,use
FN:60,getAppToken
FN:70,(anonymous_4)
FN:87,getAccessToken
FN:95,(anonymous_6)
FN:106,(anonymous_7)
FN:114,(anonymous_8)
FN:126,getAccounts
FN:134,(anonymous_10)
FN:144,(anonymous_11)
FN:153,(anonymous_12)
FN:168,getTransactions
FN:178,(anonymous_14)
FN:195,(anonymous_15)
FN:203,(anonymous_16)
FNF:16
FNH:16
FNDA:2,Yodlee
FNDA:5,use
FNDA:3,getAppToken
FNDA:3,(anonymous_4)
FNDA:6,getAccessToken
FNDA:5,(anonymous_6)
FNDA:5,(anonymous_7)
FNDA:1,(anonymous_8)
FNDA:4,getAccounts
FNDA:3,(anonymous_10)
FNDA:3,(anonymous_11)
FNDA:1,(anonymous_12)
FNDA:4,getTransactions
FNDA:3,(anonymous_14)
FNDA:3,(anonymous_15)
FNDA:1,(anonymous_16)
DA:24,1
DA:34,1
DA:35,2
DA:36,1
DA:45,1
DA:47,5
DA:48,3
DA:51,2
DA:52,2
DA:60,1
DA:62,3
DA:64,3
DA:71,3
DA:72,2
DA:74,1
DA:79,3
DA:87,1
DA:89,6
DA:91,6
DA:92,3
DA:95,6
DA:97,5
DA:107,5
DA:108,4
DA:110,1
DA:115,1
DA:118,6
DA:126,1
DA:128,4
DA:130,4
DA:131,1
DA:134,4
DA:136,3
DA:146,3
DA:147,2
DA:149,1
DA:154,1
DA:157,4
DA:168,1
DA:170,4
DA:172,4
DA:174,4
DA:175,1
DA:178,4
DA:180,3
DA:196,3
DA:197,2
DA:199,1
DA:204,1
DA:207,4
DA:212,1
LF:51
LH:51
BRDA:35,1,0,1
BRDA:35,1,1,1
BRDA:47,2,0,3
BRDA:47,2,1,2
BRDA:47,3,0,5
BRDA:47,3,1,3
BRDA:48,4,0,2
BRDA:48,4,1,1
BRDA:71,5,0,2
BRDA:71,5,1,1
BRDA:71,6,0,3
BRDA:71,6,1,2
BRDA:72,7,0,2
BRDA:72,7,1,1
BRDA:91,8,0,3
BRDA:91,8,1,3
BRDA:91,9,0,6
BRDA:91,9,1,5
BRDA:92,10,0,1
BRDA:92,10,1,2
BRDA:107,11,0,4
BRDA:107,11,1,1
BRDA:107,12,0,5
BRDA:107,12,1,4
BRDA:108,13,0,4
BRDA:108,13,1,3
BRDA:130,14,0,1
BRDA:130,14,1,3
BRDA:146,15,0,2
BRDA:146,15,1,1
BRDA:146,16,0,3
BRDA:146,16,1,3
BRDA:147,17,0,2
BRDA:147,17,1,2
BRDA:172,18,0,4
BRDA:172,18,1,4
BRDA:174,19,0,1
BRDA:174,19,1,3
BRDA:196,20,0,2
BRDA:196,20,1,1
BRDA:196,21,0,3
BRDA:196,21,1,3
BRDA:197,22,0,2
BRDA:197,22,1,2
BRF:44
BRH:44
end_of_record
