TN:
SF:/Users/craig/Documents/Workspace/yodlee/index.js
FN:34,Yodlee
FN:45,use
FN:60,getAppToken
FN:70,(anonymous_4)
FN:87,getAccessToken
FN:95,(anonymous_6)
FN:106,(anonymous_7)
FN:114,(anonymous_8)
FN:126,getAccounts
FN:137,(anonymous_10)
FN:147,(anonymous_11)
FN:157,(anonymous_12)
FN:173,getTransactions
FN:183,(anonymous_14)
FN:200,(anonymous_15)
FN:208,(anonymous_16)
FNF:16
FNH:16
FNDA:4,Yodlee
FNDA:4,use
FNDA:3,getAppToken
FNDA:3,(anonymous_4)
FNDA:6,getAccessToken
FNDA:5,(anonymous_6)
FNDA:5,(anonymous_7)
FNDA:1,(anonymous_8)
FNDA:4,getAccounts
FNDA:3,(anonymous_10)
FNDA:3,(anonymous_11)
FNDA:1,(anonymous_12)
FNDA:4,getTransactions
FNDA:3,(anonymous_14)
FNDA:3,(anonymous_15)
FNDA:1,(anonymous_16)
DA:24,1
DA:34,1
DA:35,4
DA:36,2
DA:45,1
DA:47,4
DA:48,3
DA:51,1
DA:52,1
DA:60,1
DA:62,3
DA:64,3
DA:71,3
DA:72,2
DA:74,1
DA:79,3
DA:87,1
DA:89,6
DA:91,6
DA:92,3
DA:95,6
DA:97,5
DA:107,5
DA:108,4
DA:110,1
DA:115,1
DA:118,6
DA:126,1
DA:128,4
DA:130,4
DA:132,4
DA:133,1
DA:134,1
DA:137,4
DA:139,3
DA:149,3
DA:150,2
DA:151,2
DA:153,1
DA:158,1
DA:159,1
DA:162,4
DA:173,1
DA:175,4
DA:177,4
DA:179,4
DA:180,1
DA:183,4
DA:185,3
DA:201,3
DA:202,2
DA:204,1
DA:209,1
DA:212,4
DA:217,1
LF:55
LH:55
BRDA:35,1,0,2
BRDA:35,1,1,2
BRDA:47,2,0,3
BRDA:47,2,1,1
BRDA:47,3,0,4
BRDA:47,3,1,2
BRDA:48,4,0,2
BRDA:48,4,1,1
BRDA:71,5,0,2
BRDA:71,5,1,1
BRDA:71,6,0,3
BRDA:71,6,1,2
BRDA:72,7,0,2
BRDA:72,7,1,1
BRDA:91,8,0,3
BRDA:91,8,1,3
BRDA:91,9,0,6
BRDA:91,9,1,5
BRDA:92,10,0,1
BRDA:92,10,1,2
BRDA:107,11,0,4
BRDA:107,11,1,1
BRDA:107,12,0,5
BRDA:107,12,1,4
BRDA:108,13,0,4
BRDA:108,13,1,3
BRDA:132,14,0,1
BRDA:132,14,1,3
BRDA:149,15,0,2
BRDA:149,15,1,1
BRDA:149,16,0,3
BRDA:149,16,1,3
BRDA:151,17,0,2
BRDA:151,17,1,2
BRDA:177,18,0,4
BRDA:177,18,1,4
BRDA:179,19,0,1
BRDA:179,19,1,3
BRDA:201,20,0,2
BRDA:201,20,1,1
BRDA:201,21,0,3
BRDA:201,21,1,3
BRDA:202,22,0,2
BRDA:202,22,1,2
BRF:44
BRH:44
end_of_record
